/Users/thiagocifani/.rvm/gems/ruby-2.0.0-p247@global/gems/bundler-1.3.5/lib/bundler/spec_set.rb:92:in `block in materialize': Could not find multi_json-1.8.2 in any of the sources (Bundler::GemNotFound)
	from /Users/thiagocifani/.rvm/gems/ruby-2.0.0-p247@global/gems/bundler-1.3.5/lib/bundler/spec_set.rb:85:in `map!'
	from /Users/thiagocifani/.rvm/gems/ruby-2.0.0-p247@global/gems/bundler-1.3.5/lib/bundler/spec_set.rb:85:in `materialize'
	from /Users/thiagocifani/.rvm/gems/ruby-2.0.0-p247@global/gems/bundler-1.3.5/lib/bundler/definition.rb:114:in `specs'
	from /Users/thiagocifani/.rvm/gems/ruby-2.0.0-p247@global/gems/bundler-1.3.5/lib/bundler/definition.rb:159:in `specs_for'
	from /Users/thiagocifani/.rvm/gems/ruby-2.0.0-p247@global/gems/bundler-1.3.5/lib/bundler/definition.rb:148:in `requested_specs'
	from /Users/thiagocifani/.rvm/gems/ruby-2.0.0-p247@global/gems/bundler-1.3.5/lib/bundler/environment.rb:18:in `requested_specs'
	from /Users/thiagocifani/.rvm/gems/ruby-2.0.0-p247@global/gems/bundler-1.3.5/lib/bundler/runtime.rb:13:in `setup'
	from /Users/thiagocifani/.rvm/gems/ruby-2.0.0-p247@global/gems/bundler-1.3.5/lib/bundler.rb:120:in `setup'
	from /Users/thiagocifani/.rvm/gems/ruby-2.0.0-p247@global/gems/bundler-1.3.5/lib/bundler/setup.rb:17:in `<top (required)>'
	from /Users/thiagocifani/.rvm/rubies/ruby-2.0.0-p247/lib/ruby/site_ruby/2.0.0/rubygems/core_ext/kernel_require.rb:116:in `require'
	from /Users/thiagocifani/.rvm/rubies/ruby-2.0.0-p247/lib/ruby/site_ruby/2.0.0/rubygems/core_ext/kernel_require.rb:116:in `rescue in require'
	from /Users/thiagocifani/.rvm/rubies/ruby-2.0.0-p247/lib/ruby/site_ruby/2.0.0/rubygems/core_ext/kernel_require.rb:122:in `require'
	from /Users/thiagocifani/Documents/projects/ilikeyoureally/config/boot.rb:4:in `<top (required)>'
	from bin/rails:3:in `require_relative'
	from bin/rails:3:in `<main>'
/Users/thiagocifani/.rvm/gems/ruby-2.0.0-p247@global/gems/bundler-1.3.5/lib/bundler/spec_set.rb:92:in `block in materialize': Could not find multi_json-1.8.2 in any of the sources (Bundler::GemNotFound)
	from /Users/thiagocifani/.rvm/gems/ruby-2.0.0-p247@global/gems/bundler-1.3.5/lib/bundler/spec_set.rb:85:in `map!'
	from /Users/thiagocifani/.rvm/gems/ruby-2.0.0-p247@global/gems/bundler-1.3.5/lib/bundler/spec_set.rb:85:in `materialize'
	from /Users/thiagocifani/.rvm/gems/ruby-2.0.0-p247@global/gems/bundler-1.3.5/lib/bundler/definition.rb:114:in `specs'
	from /Users/thiagocifani/.rvm/gems/ruby-2.0.0-p247@global/gems/bundler-1.3.5/lib/bundler/definition.rb:159:in `specs_for'
	from /Users/thiagocifani/.rvm/gems/ruby-2.0.0-p247@global/gems/bundler-1.3.5/lib/bundler/definition.rb:148:in `requested_specs'
	from /Users/thiagocifani/.rvm/gems/ruby-2.0.0-p247@global/gems/bundler-1.3.5/lib/bundler/environment.rb:18:in `requested_specs'
	from /Users/thiagocifani/.rvm/gems/ruby-2.0.0-p247@global/gems/bundler-1.3.5/lib/bundler/runtime.rb:13:in `setup'
	from /Users/thiagocifani/.rvm/gems/ruby-2.0.0-p247@global/gems/bundler-1.3.5/lib/bundler.rb:120:in `setup'
	from /Users/thiagocifani/.rvm/gems/ruby-2.0.0-p247@global/gems/bundler-1.3.5/lib/bundler/setup.rb:17:in `<top (required)>'
	from /Users/thiagocifani/.rvm/rubies/ruby-2.0.0-p247/lib/ruby/site_ruby/2.0.0/rubygems/core_ext/kernel_require.rb:116:in `require'
	from /Users/thiagocifani/.rvm/rubies/ruby-2.0.0-p247/lib/ruby/site_ruby/2.0.0/rubygems/core_ext/kernel_require.rb:116:in `rescue in require'
	from /Users/thiagocifani/.rvm/rubies/ruby-2.0.0-p247/lib/ruby/site_ruby/2.0.0/rubygems/core_ext/kernel_require.rb:122:in `require'
	from /Users/thiagocifani/Documents/projects/ilikeyoureally/config/boot.rb:4:in `<top (required)>'
	from bin/rails:3:in `require_relative'
	from bin/rails:3:in `<main>'
/Users/thiagocifani/.rvm/gems/ruby-2.0.0-p247@global/gems/bundler-1.3.5/lib/bundler/spec_set.rb:92:in `block in materialize': Could not find multi_json-1.8.2 in any of the sources (Bundler::GemNotFound)
	from /Users/thiagocifani/.rvm/gems/ruby-2.0.0-p247@global/gems/bundler-1.3.5/lib/bundler/spec_set.rb:85:in `map!'
	from /Users/thiagocifani/.rvm/gems/ruby-2.0.0-p247@global/gems/bundler-1.3.5/lib/bundler/spec_set.rb:85:in `materialize'
	from /Users/thiagocifani/.rvm/gems/ruby-2.0.0-p247@global/gems/bundler-1.3.5/lib/bundler/definition.rb:114:in `specs'
	from /Users/thiagocifani/.rvm/gems/ruby-2.0.0-p247@global/gems/bundler-1.3.5/lib/bundler/definition.rb:159:in `specs_for'
	from /Users/thiagocifani/.rvm/gems/ruby-2.0.0-p247@global/gems/bundler-1.3.5/lib/bundler/definition.rb:148:in `requested_specs'
	from /Users/thiagocifani/.rvm/gems/ruby-2.0.0-p247@global/gems/bundler-1.3.5/lib/bundler/environment.rb:18:in `requested_specs'
	from /Users/thiagocifani/.rvm/gems/ruby-2.0.0-p247@global/gems/bundler-1.3.5/lib/bundler/runtime.rb:13:in `setup'
	from /Users/thiagocifani/.rvm/gems/ruby-2.0.0-p247@global/gems/bundler-1.3.5/lib/bundler.rb:120:in `setup'
	from /Users/thiagocifani/.rvm/gems/ruby-2.0.0-p247@global/gems/bundler-1.3.5/lib/bundler/setup.rb:17:in `<top (required)>'
	from /Users/thiagocifani/.rvm/rubies/ruby-2.0.0-p247/lib/ruby/site_ruby/2.0.0/rubygems/core_ext/kernel_require.rb:116:in `require'
	from /Users/thiagocifani/.rvm/rubies/ruby-2.0.0-p247/lib/ruby/site_ruby/2.0.0/rubygems/core_ext/kernel_require.rb:116:in `rescue in require'
	from /Users/thiagocifani/.rvm/rubies/ruby-2.0.0-p247/lib/ruby/site_ruby/2.0.0/rubygems/core_ext/kernel_require.rb:122:in `require'
	from /Users/thiagocifani/Documents/projects/ilikeyoureally/config/boot.rb:4:in `<top (required)>'
	from bin/rails:3:in `require_relative'
	from bin/rails:3:in `<main>'
